c:\users\nicor\onedrive\visual studio\gpr5300\x64\debug\vc142.pdb
c:\users\nicor\onedrive\visual studio\gpr5300\x64\debug\vc142.idb
c:\users\nicor\onedrive\visual studio\gpr5300\x64\debug\window.obj
c:\users\nicor\onedrive\visual studio\gpr5300\x64\debug\material.obj
c:\users\nicor\onedrive\visual studio\gpr5300\x64\debug\main.obj
c:\users\nicor\onedrive\visual studio\gpr5300\x64\debug\wictextureloader11.obj
c:\users\nicor\onedrive\visual studio\gpr5300\x64\debug\time.obj
c:\users\nicor\onedrive\visual studio\gpr5300\x64\debug\mouseevent.obj
c:\users\nicor\onedrive\visual studio\gpr5300\x64\debug\mouseclass.obj
c:\users\nicor\onedrive\visual studio\gpr5300\x64\debug\mesh.obj
c:\users\nicor\onedrive\visual studio\gpr5300\x64\debug\gameobject.obj
c:\users\nicor\onedrive\visual studio\gpr5300\x64\debug\d3d11.obj
c:\users\nicor\onedrive\visual studio\gpr5300\x64\debug\camera.obj
c:\users\nicor\onedrive\visual studio\gpr5300\x64\debug\colorpixelshader.cso
c:\users\nicor\onedrive\visual studio\gpr5300\x64\debug\colorvertexshader.cso
c:\users\nicor\onedrive\visual studio\gpr5300\x64\debug\texturepixelshader.cso
c:\users\nicor\onedrive\visual studio\gpr5300\x64\debug\texturevertexshader.cso
c:\users\nicor\onedrive\visual studio\gpr5300\x64\debug\phongpixelshader.cso
c:\users\nicor\onedrive\visual studio\gpr5300\x64\debug\phongvertexshader.cso
c:\users\nicor\onedrive\visual studio\gpr5300\x64\debug\gpr5300.exe
c:\users\nicor\onedrive\visual studio\gpr5300\x64\debug\gpr5300.ilk
c:\users\nicor\onedrive\visual studio\gpr5300\x64\debug\gpr5300.pdb
c:\users\nicor\onedrive\visual studio\gpr5300\x64\debug\gpr5300.tlog\cl.command.1.tlog
c:\users\nicor\onedrive\visual studio\gpr5300\x64\debug\gpr5300.tlog\cl.read.1.tlog
c:\users\nicor\onedrive\visual studio\gpr5300\x64\debug\gpr5300.tlog\cl.write.1.tlog
c:\users\nicor\onedrive\visual studio\gpr5300\x64\debug\gpr5300.tlog\fxc.command.1.tlog
c:\users\nicor\onedrive\visual studio\gpr5300\x64\debug\gpr5300.tlog\fxc.read.1.tlog
c:\users\nicor\onedrive\visual studio\gpr5300\x64\debug\gpr5300.tlog\fxc.write.1.tlog
c:\users\nicor\onedrive\visual studio\gpr5300\x64\debug\gpr5300.tlog\link.command.1.tlog
c:\users\nicor\onedrive\visual studio\gpr5300\x64\debug\gpr5300.tlog\link.read.1.tlog
c:\users\nicor\onedrive\visual studio\gpr5300\x64\debug\gpr5300.tlog\link.write.1.tlog
